<?xml version="1.0" encoding="UTF-8"?>
<!-- Generated by org.testng.reporters.JUnitReportReporter -->
<testsuite hostname="Sunit" failures="0" tests="1" name="TestCases.Dependant" time="16.057" errors="0" timestamp="2025-09-21T18:34:15 EDT" skipped="0">
  <testcase classname="TestCases.Dependant" name="addDependant" time="16.057"/>
</testsuite> <!-- TestCases.Dependant -->
