<?xml version="1.0" encoding="UTF-8"?>
<!-- Generated by org.testng.reporters.JUnitReportReporter -->
<testsuite hostname="Sunit" failures="0" tests="1" name="BaseClass.LoginPageHrm" time="4.003" errors="0" timestamp="2025-09-16T22:26:30 EDT" skipped="0">
  <testcase classname="BaseClass.LoginPageHrm" name="loginTest" time="4.003"/>
</testsuite> <!-- BaseClass.LoginPageHrm -->
