<?xml version="1.0" encoding="UTF-8"?>
<!-- Generated by org.testng.reporters.JUnitReportReporter -->
<testsuite hostname="Sunit" failures="0" tests="2" name="TestCases.Dependant" time="8.228" errors="0" timestamp="2025-09-21T21:24:50 EDT" skipped="0">
  <testcase classname="TestCases.Dependant" name="addDependant" time="8.054"/>
  <testcase classname="TestCases.Dependant" name="deleteDepandant" time="0.174"/>
</testsuite> <!-- TestCases.Dependant -->
