<?xml version="1.0" encoding="UTF-8"?>
<!-- Generated by org.testng.reporters.JUnitReportReporter -->
<testsuite hostname="Sunit" failures="0" tests="2" name="LoginTestCase.LoginPageHrm" time="16.665" errors="0" timestamp="2025-09-16T22:40:47 EDT" skipped="0">
  <testcase classname="LoginTestCase.LoginPageHrm" name="loginTest" time="8.589"/>
  <testcase classname="LoginTestCase.LoginPageHrm" name="loginTest2" time="8.076"/>
</testsuite> <!-- LoginTestCase.LoginPageHrm -->
