<?xml version="1.0" encoding="UTF-8"?>
<!-- Generated by org.testng.reporters.JUnitReportReporter -->
<testsuite hostname="Sunit" failures="0" tests="4" name="TestCases.PersonalDetails" time="3.778" errors="0" timestamp="2025-09-21T14:41:50 EDT" skipped="0">
  <testcase classname="TestCases.PersonalDetails" name="myInfo" time="2.115"/>
  <testcase classname="TestCases.PersonalDetails" name="editInfo" time="0.584"/>
  <testcase classname="TestCases.PersonalDetails" name="contactInfo" time="0.527"/>
  <testcase classname="TestCases.PersonalDetails" name="emergencyContact" time="0.552"/>
</testsuite> <!-- TestCases.PersonalDetails -->
